2024-02-05T00:04:18.846+08:00  INFO 19568 --- [code-runner] [SpringApplicationShutdownHook] o.s.b.w.embedded.netty.GracefulShutdown  : Commencing graceful shutdown. Waiting for active requests to complete
2024-02-05T00:04:18.850+08:00  INFO 19568 --- [code-runner] [netty-shutdown] o.s.b.w.embedded.netty.GracefulShutdown  : Graceful shutdown complete
2024-02-05T00:20:18.158+08:00  INFO 2212 --- [code-runner] [main] code.sibyl.Application                   : Starting Application using Java 21.0.1 with PID 2212 (D:\4code\4java\workspace\java-learning\code-runner\target\classes started by dl3213 in D:\4code\4java\workspace\java-learning)
2024-02-05T00:20:18.159+08:00  INFO 2212 --- [code-runner] [main] code.sibyl.Application                   : The following 3 profiles are active: "db", "quartz", "dev"
2024-02-05T00:20:18.446+08:00  INFO 2212 --- [code-runner] [main] .s.d.r.c.RepositoryConfigurationDelegate : Multiple Spring Data modules found, entering strict repository configuration mode
2024-02-05T00:20:18.447+08:00  INFO 2212 --- [code-runner] [main] .s.d.r.c.RepositoryConfigurationDelegate : Bootstrapping Spring Data R2DBC repositories in DEFAULT mode.
2024-02-05T00:20:18.510+08:00  INFO 2212 --- [code-runner] [main] .s.d.r.c.RepositoryConfigurationDelegate : Finished Spring Data repository scanning in 61 ms. Found 1 R2DBC repository interface.
2024-02-05T00:20:18.843+08:00  WARN 2212 --- [code-runner] [main] o.s.security.core.userdetails.User       : User.withDefaultPasswordEncoder() is considered unsafe for production and is only intended for sample applications.
2024-02-05T00:20:19.284+08:00  INFO 2212 --- [code-runner] [main] o.s.b.web.embedded.netty.NettyWebServer  : Netty started on port 10001
2024-02-05T00:20:19.287+08:00  INFO 2212 --- [code-runner] [main] code.sibyl.Application                   : Started Application in 1.326 seconds (process running for 1.594)
2024-02-05T00:22:54.622+08:00  INFO 2212 --- [code-runner] [SpringApplicationShutdownHook] o.s.b.w.embedded.netty.GracefulShutdown  : Commencing graceful shutdown. Waiting for active requests to complete
2024-02-05T00:22:54.623+08:00  INFO 2212 --- [code-runner] [netty-shutdown] o.s.b.w.embedded.netty.GracefulShutdown  : Graceful shutdown complete
2024-02-05T00:22:58.693+08:00  INFO 24632 --- [code-runner] [main] code.sibyl.Application                   : Starting Application using Java 21.0.1 with PID 24632 (D:\4code\4java\workspace\java-learning\code-runner\target\classes started by dl3213 in D:\4code\4java\workspace\java-learning)
2024-02-05T00:22:58.694+08:00  INFO 24632 --- [code-runner] [main] code.sibyl.Application                   : The following 3 profiles are active: "db", "quartz", "dev"
2024-02-05T00:22:58.960+08:00  INFO 24632 --- [code-runner] [main] .s.d.r.c.RepositoryConfigurationDelegate : Multiple Spring Data modules found, entering strict repository configuration mode
2024-02-05T00:22:58.961+08:00  INFO 24632 --- [code-runner] [main] .s.d.r.c.RepositoryConfigurationDelegate : Bootstrapping Spring Data R2DBC repositories in DEFAULT mode.
2024-02-05T00:22:59.020+08:00  INFO 24632 --- [code-runner] [main] .s.d.r.c.RepositoryConfigurationDelegate : Finished Spring Data repository scanning in 57 ms. Found 1 R2DBC repository interface.
2024-02-05T00:22:59.346+08:00  WARN 24632 --- [code-runner] [main] o.s.security.core.userdetails.User       : User.withDefaultPasswordEncoder() is considered unsafe for production and is only intended for sample applications.
2024-02-05T00:22:59.782+08:00  INFO 24632 --- [code-runner] [main] o.s.b.web.embedded.netty.NettyWebServer  : Netty started on port 10001
2024-02-05T00:22:59.785+08:00  INFO 24632 --- [code-runner] [main] code.sibyl.Application                   : Started Application in 1.295 seconds (process running for 1.559)
2024-02-05T00:23:27.549+08:00  INFO 24632 --- [code-runner] [SpringApplicationShutdownHook] o.s.b.w.embedded.netty.GracefulShutdown  : Commencing graceful shutdown. Waiting for active requests to complete
2024-02-05T00:23:27.550+08:00  INFO 24632 --- [code-runner] [netty-shutdown] o.s.b.w.embedded.netty.GracefulShutdown  : Graceful shutdown complete
2024-02-05T00:23:31.925+08:00  INFO 9252 --- [code-runner] [main] code.sibyl.Application                   : Starting Application using Java 21.0.1 with PID 9252 (D:\4code\4java\workspace\java-learning\code-runner\target\classes started by dl3213 in D:\4code\4java\workspace\java-learning)
2024-02-05T00:23:31.926+08:00  INFO 9252 --- [code-runner] [main] code.sibyl.Application                   : The following 3 profiles are active: "db", "quartz", "dev"
2024-02-05T00:23:32.197+08:00  INFO 9252 --- [code-runner] [main] .s.d.r.c.RepositoryConfigurationDelegate : Multiple Spring Data modules found, entering strict repository configuration mode
2024-02-05T00:23:32.198+08:00  INFO 9252 --- [code-runner] [main] .s.d.r.c.RepositoryConfigurationDelegate : Bootstrapping Spring Data R2DBC repositories in DEFAULT mode.
2024-02-05T00:23:32.256+08:00  INFO 9252 --- [code-runner] [main] .s.d.r.c.RepositoryConfigurationDelegate : Finished Spring Data repository scanning in 56 ms. Found 1 R2DBC repository interface.
2024-02-05T00:23:32.591+08:00  WARN 9252 --- [code-runner] [main] o.s.security.core.userdetails.User       : User.withDefaultPasswordEncoder() is considered unsafe for production and is only intended for sample applications.
2024-02-05T00:23:33.061+08:00  INFO 9252 --- [code-runner] [main] o.s.b.web.embedded.netty.NettyWebServer  : Netty started on port 10001
2024-02-05T00:23:33.065+08:00  INFO 9252 --- [code-runner] [main] code.sibyl.Application                   : Started Application in 1.361 seconds (process running for 1.63)
2024-02-05T00:24:40.569+08:00  INFO 9252 --- [code-runner] [SpringApplicationShutdownHook] o.s.b.w.embedded.netty.GracefulShutdown  : Commencing graceful shutdown. Waiting for active requests to complete
2024-02-05T00:24:40.570+08:00  INFO 9252 --- [code-runner] [netty-shutdown] o.s.b.w.embedded.netty.GracefulShutdown  : Graceful shutdown complete
2024-02-05T00:24:44.623+08:00  INFO 28860 --- [code-runner] [main] code.sibyl.Application                   : Starting Application using Java 21.0.1 with PID 28860 (D:\4code\4java\workspace\java-learning\code-runner\target\classes started by dl3213 in D:\4code\4java\workspace\java-learning)
2024-02-05T00:24:44.623+08:00  INFO 28860 --- [code-runner] [main] code.sibyl.Application                   : The following 3 profiles are active: "db", "quartz", "dev"
2024-02-05T00:24:44.872+08:00  INFO 28860 --- [code-runner] [main] .s.d.r.c.RepositoryConfigurationDelegate : Multiple Spring Data modules found, entering strict repository configuration mode
2024-02-05T00:24:44.873+08:00  INFO 28860 --- [code-runner] [main] .s.d.r.c.RepositoryConfigurationDelegate : Bootstrapping Spring Data R2DBC repositories in DEFAULT mode.
2024-02-05T00:24:44.931+08:00  INFO 28860 --- [code-runner] [main] .s.d.r.c.RepositoryConfigurationDelegate : Finished Spring Data repository scanning in 55 ms. Found 1 R2DBC repository interface.
2024-02-05T00:24:45.267+08:00  WARN 28860 --- [code-runner] [main] o.s.security.core.userdetails.User       : User.withDefaultPasswordEncoder() is considered unsafe for production and is only intended for sample applications.
2024-02-05T00:24:45.712+08:00  INFO 28860 --- [code-runner] [main] o.s.b.web.embedded.netty.NettyWebServer  : Netty started on port 10001
2024-02-05T00:24:45.715+08:00  INFO 28860 --- [code-runner] [main] code.sibyl.Application                   : Started Application in 1.287 seconds (process running for 1.555)
2024-02-05T00:25:07.087+08:00  INFO 28860 --- [code-runner] [SpringApplicationShutdownHook] o.s.b.w.embedded.netty.GracefulShutdown  : Commencing graceful shutdown. Waiting for active requests to complete
2024-02-05T00:25:07.090+08:00  INFO 28860 --- [code-runner] [netty-shutdown] o.s.b.w.embedded.netty.GracefulShutdown  : Graceful shutdown complete
2024-02-05T00:25:10.613+08:00  INFO 27928 --- [code-runner] [main] code.sibyl.Application                   : Starting Application using Java 21.0.1 with PID 27928 (D:\4code\4java\workspace\java-learning\code-runner\target\classes started by dl3213 in D:\4code\4java\workspace\java-learning)
2024-02-05T00:25:10.614+08:00  INFO 27928 --- [code-runner] [main] code.sibyl.Application                   : The following 3 profiles are active: "db", "quartz", "dev"
2024-02-05T00:25:10.866+08:00  INFO 27928 --- [code-runner] [main] .s.d.r.c.RepositoryConfigurationDelegate : Multiple Spring Data modules found, entering strict repository configuration mode
2024-02-05T00:25:10.867+08:00  INFO 27928 --- [code-runner] [main] .s.d.r.c.RepositoryConfigurationDelegate : Bootstrapping Spring Data R2DBC repositories in DEFAULT mode.
2024-02-05T00:25:10.923+08:00  INFO 27928 --- [code-runner] [main] .s.d.r.c.RepositoryConfigurationDelegate : Finished Spring Data repository scanning in 55 ms. Found 1 R2DBC repository interface.
2024-02-05T00:25:11.248+08:00  WARN 27928 --- [code-runner] [main] o.s.security.core.userdetails.User       : User.withDefaultPasswordEncoder() is considered unsafe for production and is only intended for sample applications.
2024-02-05T00:25:11.683+08:00  INFO 27928 --- [code-runner] [main] o.s.b.web.embedded.netty.NettyWebServer  : Netty started on port 10001
2024-02-05T00:25:11.687+08:00  INFO 27928 --- [code-runner] [main] code.sibyl.Application                   : Started Application in 1.296 seconds (process running for 1.565)
2024-02-05T00:38:23.314+08:00  INFO 27928 --- [code-runner] [SpringApplicationShutdownHook] o.s.b.w.embedded.netty.GracefulShutdown  : Commencing graceful shutdown. Waiting for active requests to complete
2024-02-05T00:38:23.316+08:00  INFO 27928 --- [code-runner] [netty-shutdown] o.s.b.w.embedded.netty.GracefulShutdown  : Graceful shutdown complete
2024-02-05T00:38:27.919+08:00  INFO 31696 --- [code-runner] [main] code.sibyl.Application                   : Starting Application using Java 21.0.1 with PID 31696 (D:\4code\4java\workspace\java-learning\code-runner\target\classes started by dl3213 in D:\4code\4java\workspace\java-learning)
2024-02-05T00:38:27.920+08:00  INFO 31696 --- [code-runner] [main] code.sibyl.Application                   : The following 3 profiles are active: "db", "quartz", "dev"
2024-02-05T00:38:28.178+08:00  INFO 31696 --- [code-runner] [main] .s.d.r.c.RepositoryConfigurationDelegate : Multiple Spring Data modules found, entering strict repository configuration mode
2024-02-05T00:38:28.179+08:00  INFO 31696 --- [code-runner] [main] .s.d.r.c.RepositoryConfigurationDelegate : Bootstrapping Spring Data R2DBC repositories in DEFAULT mode.
2024-02-05T00:38:28.237+08:00  INFO 31696 --- [code-runner] [main] .s.d.r.c.RepositoryConfigurationDelegate : Finished Spring Data repository scanning in 55 ms. Found 1 R2DBC repository interface.
2024-02-05T00:38:28.571+08:00  WARN 31696 --- [code-runner] [main] o.s.security.core.userdetails.User       : User.withDefaultPasswordEncoder() is considered unsafe for production and is only intended for sample applications.
2024-02-05T00:38:29.010+08:00  INFO 31696 --- [code-runner] [main] o.s.b.web.embedded.netty.NettyWebServer  : Netty started on port 10001
2024-02-05T00:38:29.013+08:00  INFO 31696 --- [code-runner] [main] code.sibyl.Application                   : Started Application in 1.289 seconds (process running for 1.55)
2024-02-05T00:41:04.774+08:00  INFO 31696 --- [code-runner] [SpringApplicationShutdownHook] o.s.b.w.embedded.netty.GracefulShutdown  : Commencing graceful shutdown. Waiting for active requests to complete
2024-02-05T00:41:04.775+08:00  INFO 31696 --- [code-runner] [netty-shutdown] o.s.b.w.embedded.netty.GracefulShutdown  : Graceful shutdown complete
2024-02-05T00:41:08.815+08:00  INFO 26848 --- [code-runner] [main] code.sibyl.Application                   : Starting Application using Java 21.0.1 with PID 26848 (D:\4code\4java\workspace\java-learning\code-runner\target\classes started by dl3213 in D:\4code\4java\workspace\java-learning)
2024-02-05T00:41:08.816+08:00  INFO 26848 --- [code-runner] [main] code.sibyl.Application                   : The following 3 profiles are active: "db", "quartz", "dev"
2024-02-05T00:41:09.083+08:00  INFO 26848 --- [code-runner] [main] .s.d.r.c.RepositoryConfigurationDelegate : Multiple Spring Data modules found, entering strict repository configuration mode
2024-02-05T00:41:09.085+08:00  INFO 26848 --- [code-runner] [main] .s.d.r.c.RepositoryConfigurationDelegate : Bootstrapping Spring Data R2DBC repositories in DEFAULT mode.
2024-02-05T00:41:09.144+08:00  INFO 26848 --- [code-runner] [main] .s.d.r.c.RepositoryConfigurationDelegate : Finished Spring Data repository scanning in 57 ms. Found 1 R2DBC repository interface.
2024-02-05T00:41:09.482+08:00  WARN 26848 --- [code-runner] [main] o.s.security.core.userdetails.User       : User.withDefaultPasswordEncoder() is considered unsafe for production and is only intended for sample applications.
2024-02-05T00:41:09.925+08:00  INFO 26848 --- [code-runner] [main] o.s.b.web.embedded.netty.NettyWebServer  : Netty started on port 10001
2024-02-05T00:41:09.928+08:00  INFO 26848 --- [code-runner] [main] code.sibyl.Application                   : Started Application in 1.31 seconds (process running for 1.574)
2024-02-05T00:41:58.571+08:00  INFO 26848 --- [code-runner] [SpringApplicationShutdownHook] o.s.b.w.embedded.netty.GracefulShutdown  : Commencing graceful shutdown. Waiting for active requests to complete
2024-02-05T00:41:58.572+08:00  INFO 26848 --- [code-runner] [netty-shutdown] o.s.b.w.embedded.netty.GracefulShutdown  : Graceful shutdown complete
2024-02-05T00:42:02.681+08:00  INFO 31084 --- [code-runner] [main] code.sibyl.Application                   : Starting Application using Java 21.0.1 with PID 31084 (D:\4code\4java\workspace\java-learning\code-runner\target\classes started by dl3213 in D:\4code\4java\workspace\java-learning)
2024-02-05T00:42:02.681+08:00  INFO 31084 --- [code-runner] [main] code.sibyl.Application                   : The following 3 profiles are active: "db", "quartz", "dev"
2024-02-05T00:42:02.952+08:00  INFO 31084 --- [code-runner] [main] .s.d.r.c.RepositoryConfigurationDelegate : Multiple Spring Data modules found, entering strict repository configuration mode
2024-02-05T00:42:02.953+08:00  INFO 31084 --- [code-runner] [main] .s.d.r.c.RepositoryConfigurationDelegate : Bootstrapping Spring Data R2DBC repositories in DEFAULT mode.
2024-02-05T00:42:03.012+08:00  INFO 31084 --- [code-runner] [main] .s.d.r.c.RepositoryConfigurationDelegate : Finished Spring Data repository scanning in 57 ms. Found 1 R2DBC repository interface.
2024-02-05T00:42:03.338+08:00  WARN 31084 --- [code-runner] [main] o.s.security.core.userdetails.User       : User.withDefaultPasswordEncoder() is considered unsafe for production and is only intended for sample applications.
2024-02-05T00:42:03.781+08:00  INFO 31084 --- [code-runner] [main] o.s.b.web.embedded.netty.NettyWebServer  : Netty started on port 10001
2024-02-05T00:42:03.784+08:00  INFO 31084 --- [code-runner] [main] code.sibyl.Application                   : Started Application in 1.301 seconds (process running for 1.572)
2024-02-05T00:42:20.659+08:00  WARN 31084 --- [code-runner] [boundedElastic-1] o.s.s.c.bcrypt.BCryptPasswordEncoder     : Encoded password does not look like BCrypt
2024-02-05T00:42:29.597+08:00  WARN 31084 --- [code-runner] [boundedElastic-1] o.s.s.c.bcrypt.BCryptPasswordEncoder     : Encoded password does not look like BCrypt
2024-02-05T00:43:29.603+08:00  INFO 31084 --- [code-runner] [SpringApplicationShutdownHook] o.s.b.w.embedded.netty.GracefulShutdown  : Commencing graceful shutdown. Waiting for active requests to complete
2024-02-05T00:43:29.605+08:00  INFO 31084 --- [code-runner] [netty-shutdown] o.s.b.w.embedded.netty.GracefulShutdown  : Graceful shutdown complete
2024-02-05T00:43:33.908+08:00  INFO 12740 --- [code-runner] [main] code.sibyl.Application                   : Starting Application using Java 21.0.1 with PID 12740 (D:\4code\4java\workspace\java-learning\code-runner\target\classes started by dl3213 in D:\4code\4java\workspace\java-learning)
2024-02-05T00:43:33.909+08:00  INFO 12740 --- [code-runner] [main] code.sibyl.Application                   : The following 3 profiles are active: "db", "quartz", "dev"
2024-02-05T00:43:34.178+08:00  INFO 12740 --- [code-runner] [main] .s.d.r.c.RepositoryConfigurationDelegate : Multiple Spring Data modules found, entering strict repository configuration mode
2024-02-05T00:43:34.179+08:00  INFO 12740 --- [code-runner] [main] .s.d.r.c.RepositoryConfigurationDelegate : Bootstrapping Spring Data R2DBC repositories in DEFAULT mode.
2024-02-05T00:43:34.239+08:00  INFO 12740 --- [code-runner] [main] .s.d.r.c.RepositoryConfigurationDelegate : Finished Spring Data repository scanning in 57 ms. Found 1 R2DBC repository interface.
2024-02-05T00:43:34.579+08:00  WARN 12740 --- [code-runner] [main] o.s.security.core.userdetails.User       : User.withDefaultPasswordEncoder() is considered unsafe for production and is only intended for sample applications.
2024-02-05T00:43:35.033+08:00  INFO 12740 --- [code-runner] [main] o.s.b.web.embedded.netty.NettyWebServer  : Netty started on port 10001
2024-02-05T00:43:35.036+08:00  INFO 12740 --- [code-runner] [main] code.sibyl.Application                   : Started Application in 1.326 seconds (process running for 1.631)
2024-02-05T00:45:13.357+08:00  INFO 12740 --- [code-runner] [SpringApplicationShutdownHook] o.s.b.w.embedded.netty.GracefulShutdown  : Commencing graceful shutdown. Waiting for active requests to complete
2024-02-05T00:45:13.358+08:00  INFO 12740 --- [code-runner] [netty-shutdown] o.s.b.w.embedded.netty.GracefulShutdown  : Graceful shutdown complete
2024-02-05T00:45:17.499+08:00  INFO 31280 --- [code-runner] [main] code.sibyl.Application                   : Starting Application using Java 21.0.1 with PID 31280 (D:\4code\4java\workspace\java-learning\code-runner\target\classes started by dl3213 in D:\4code\4java\workspace\java-learning)
2024-02-05T00:45:17.500+08:00  INFO 31280 --- [code-runner] [main] code.sibyl.Application                   : The following 3 profiles are active: "db", "quartz", "dev"
2024-02-05T00:45:17.763+08:00  INFO 31280 --- [code-runner] [main] .s.d.r.c.RepositoryConfigurationDelegate : Multiple Spring Data modules found, entering strict repository configuration mode
2024-02-05T00:45:17.764+08:00  INFO 31280 --- [code-runner] [main] .s.d.r.c.RepositoryConfigurationDelegate : Bootstrapping Spring Data R2DBC repositories in DEFAULT mode.
2024-02-05T00:45:17.821+08:00  INFO 31280 --- [code-runner] [main] .s.d.r.c.RepositoryConfigurationDelegate : Finished Spring Data repository scanning in 55 ms. Found 1 R2DBC repository interface.
2024-02-05T00:45:18.155+08:00  WARN 31280 --- [code-runner] [main] o.s.security.core.userdetails.User       : User.withDefaultPasswordEncoder() is considered unsafe for production and is only intended for sample applications.
2024-02-05T00:45:18.597+08:00  INFO 31280 --- [code-runner] [main] o.s.b.web.embedded.netty.NettyWebServer  : Netty started on port 10001
2024-02-05T00:45:18.600+08:00  INFO 31280 --- [code-runner] [main] code.sibyl.Application                   : Started Application in 1.296 seconds (process running for 1.558)
2024-02-05T00:49:37.222+08:00  INFO 31280 --- [code-runner] [SpringApplicationShutdownHook] o.s.b.w.embedded.netty.GracefulShutdown  : Commencing graceful shutdown. Waiting for active requests to complete
2024-02-05T00:49:37.223+08:00  INFO 31280 --- [code-runner] [netty-shutdown] o.s.b.w.embedded.netty.GracefulShutdown  : Graceful shutdown complete
2024-02-05T00:49:41.307+08:00  INFO 29164 --- [code-runner] [main] code.sibyl.Application                   : Starting Application using Java 21.0.1 with PID 29164 (D:\4code\4java\workspace\java-learning\code-runner\target\classes started by dl3213 in D:\4code\4java\workspace\java-learning)
2024-02-05T00:49:41.308+08:00  INFO 29164 --- [code-runner] [main] code.sibyl.Application                   : The following 3 profiles are active: "db", "quartz", "dev"
2024-02-05T00:49:41.577+08:00  INFO 29164 --- [code-runner] [main] .s.d.r.c.RepositoryConfigurationDelegate : Multiple Spring Data modules found, entering strict repository configuration mode
2024-02-05T00:49:41.578+08:00  INFO 29164 --- [code-runner] [main] .s.d.r.c.RepositoryConfigurationDelegate : Bootstrapping Spring Data R2DBC repositories in DEFAULT mode.
2024-02-05T00:49:41.637+08:00  INFO 29164 --- [code-runner] [main] .s.d.r.c.RepositoryConfigurationDelegate : Finished Spring Data repository scanning in 57 ms. Found 1 R2DBC repository interface.
2024-02-05T00:49:41.968+08:00  WARN 29164 --- [code-runner] [main] o.s.security.core.userdetails.User       : User.withDefaultPasswordEncoder() is considered unsafe for production and is only intended for sample applications.
2024-02-05T00:49:42.421+08:00  INFO 29164 --- [code-runner] [main] o.s.b.web.embedded.netty.NettyWebServer  : Netty started on port 10001
2024-02-05T00:49:42.424+08:00  INFO 29164 --- [code-runner] [main] code.sibyl.Application                   : Started Application in 1.312 seconds (process running for 1.589)
2024-02-05T00:52:12.658+08:00  INFO 29164 --- [code-runner] [SpringApplicationShutdownHook] o.s.b.w.embedded.netty.GracefulShutdown  : Commencing graceful shutdown. Waiting for active requests to complete
2024-02-05T00:52:12.659+08:00  INFO 29164 --- [code-runner] [netty-shutdown] o.s.b.w.embedded.netty.GracefulShutdown  : Graceful shutdown complete
